{"contracts/ConsentManagement.sol":{"l":{"14":3,"18":1,"19":1,"23":1},"path":"/home/antonio/workspace/tycho-contracts/contracts/ConsentManagement.sol","s":{"1":3,"2":1,"3":1,"4":1},"b":{"1":[1,0]},"f":{"1":3,"2":1,"3":1},"fnMap":{"1":{"name":"constructor","line":13,"loc":{"start":{"line":13,"column":4},"end":{"line":15,"column":4}}},"2":{"name":"addConsent","line":17,"loc":{"start":{"line":17,"column":4},"end":{"line":20,"column":4}}},"3":{"name":"getConsent","line":22,"loc":{"start":{"line":22,"column":4},"end":{"line":24,"column":4}}}},"statementMap":{"1":{"start":{"line":14,"column":8},"end":{"line":14,"column":59}},"2":{"start":{"line":18,"column":8},"end":{"line":18,"column":103}},"3":{"start":{"line":19,"column":8},"end":{"line":19,"column":63}},"4":{"start":{"line":23,"column":8},"end":{"line":23,"column":36}}},"branchMap":{"1":{"line":18,"type":"if","locations":[{"start":{"line":18,"column":8},"end":{"line":18,"column":8}},{"start":{"line":18,"column":8},"end":{"line":18,"column":8}}]}}}}